<?xml version="1.0" encoding="UTF-8"?>
<!-- Generated by org.testng.reporters.JUnitReportReporter -->
<testsuite hostname="LTIN202836" failures="0" tests="7" name="testCases.TestCase03" time="92.468" errors="0" timestamp="2024-02-29T17:32:41 IST" skipped="0">
  <testcase classname="testCases.TestCase03" name="getliving" time="4.702"/>
  <system-out/>
  <testcase classname="testCases.TestCase03" name="getvalue" time="69.387"/>
  <system-out/>
  <testcase classname="testCases.TestCase03" name="scrolldown" time="0.245"/>
  <system-out/>
  <testcase classname="testCases.TestCase03" name="entervalues" time="0.828"/>
  <system-out/>
  <testcase classname="testCases.TestCase03" name="enterdetails" time="6.821"/>
  <system-out/>
  <testcase classname="testCases.TestCase03" name="msg" time="2.928"/>
  <system-out/>
  <testcase classname="testCases.TestCase03" name="valid" time="7.557"/>
  <system-out/>
</testsuite> <!-- testCases.TestCase03 -->
