<?xml version="1.0" encoding="UTF-8"?>
<!-- Generated by org.testng.reporters.JUnitReportReporter -->
<testsuite hostname="LTIN202836" failures="0" tests="4" name="testCases.TestCase02" time="20.151" errors="0" timestamp="2024-02-29T17:32:41 IST" skipped="0">
  <testcase classname="testCases.TestCase02" name="popup" time="2.992"/>
  <system-out/>
  <testcase classname="testCases.TestCase02" name="searchprice" time="5.174"/>
  <system-out/>
  <testcase classname="testCases.TestCase02" name="find" time="2.328"/>
  <system-out/>
  <testcase classname="testCases.TestCase02" name="printprice" time="9.657"/>
  <system-out/>
</testsuite> <!-- testCases.TestCase02 -->
