<?xml version="1.0" encoding="UTF-8"?>
<!-- Generated by org.testng.reporters.JUnitReportReporter -->
<testsuite hostname="LTIN202836" failures="0" tests="1" name="testCases.TestCase01" time="6.773" errors="0" timestamp="2024-02-29T17:32:41 IST" skipped="0">
  <testcase classname="testCases.TestCase01" name="searchbookshelves" time="6.773"/>
  <system-out/>
</testsuite> <!-- testCases.TestCase01 -->
