<?xml version="1.0" encoding="UTF-8"?>
<!-- Generated by org.testng.reporters.JUnitReportReporter -->
<testsuite hostname="LTIN202836" failures="0" tests="7" name="testCases.TestCase03" time="29.682" errors="0" timestamp="2024-02-28T17:34:45 IST" skipped="0">
  <testcase classname="testCases.TestCase03" name="getliving" time="3.422"/>
  <system-out/>
  <testcase classname="testCases.TestCase03" name="getvalue" time="8.522"/>
  <system-out/>
  <testcase classname="testCases.TestCase03" name="scrolldown" time="0.208"/>
  <system-out/>
  <testcase classname="testCases.TestCase03" name="entervalues" time="0.855"/>
  <system-out/>
  <testcase classname="testCases.TestCase03" name="enterdetails" time="6.566"/>
  <system-out/>
  <testcase classname="testCases.TestCase03" name="msg" time="2.598"/>
  <system-out/>
  <testcase classname="testCases.TestCase03" name="valid" time="7.511"/>
  <system-out/>
</testsuite> <!-- testCases.TestCase03 -->
