<?xml version="1.0" encoding="UTF-8"?>
<!-- Generated by org.testng.reporters.JUnitReportReporter -->
<testsuite hostname="LTIN202836" failures="0" tests="4" name="testCases.TestCase02" time="11.350" errors="0" timestamp="2024-02-28T17:34:45 IST" skipped="0">
  <testcase classname="testCases.TestCase02" name="popup" time="2.852"/>
  <system-out/>
  <testcase classname="testCases.TestCase02" name="searchprice" time="4.968"/>
  <system-out/>
  <testcase classname="testCases.TestCase02" name="find" time="0.625"/>
  <system-out/>
  <testcase classname="testCases.TestCase02" name="printprice" time="2.905"/>
  <system-out/>
</testsuite> <!-- testCases.TestCase02 -->
